<?xml version="1.0" encoding="UTF-8"?>
<testng-results skipped="0" failed="0" ignored="0" total="0" passed="0">
  <reporter-output>
  </reporter-output>
  <suite name="feedback.copySurveys_Test" duration-ms="3" started-at="2018-02-08T16:38:58Z" finished-at="2018-02-08T16:38:58Z">
    <groups>
    </groups>
    <test name="Command line test" duration-ms="3" started-at="2018-02-08T16:38:58Z" finished-at="2018-02-08T16:38:58Z">
    </test> <!-- Command line test -->
  </suite> <!-- feedback.copySurveys_Test -->
</testng-results>
